<?xml version="1.0" encoding="UTF-8"?>
<!-- Generated by org.testng.reporters.JUnitXMLReporter -->
<testsuite hostname="Lenovo-10" ignored="0" name="Home Page test case" tests="8" failures="2" timestamp="07 Jan 2019 08:12:07 GMT" time="108.425" errors="0">
  <testcase name="ClickOnGiftCard" time="67.239" classname="com.qa.myntra.TestClass.HomePageClass"/>
  <testcase name="ClickOnLoginButton" time="0.031" classname="com.qa.myntra.TestClass.HomePageClass">
    <failure type="java.lang.AssertionError" message="expected [false] but found [true]">
      <![CDATA[java.lang.AssertionError: expected [false] but found [true]
at com.qa.myntra.TestClass.HomePageClass.ClickOnLoginButton(HomePageClass.java:69)
... Removed 31 stack frames]]>
    </failure>
  </testcase> <!-- ClickOnLoginButton -->
  <testcase name="ClickOnRegisterButton" time="0.009" classname="com.qa.myntra.TestClass.HomePageClass"/>
  <testcase name="ClickOnResetPasswordButton" time="0.009" classname="com.qa.myntra.TestClass.HomePageClass">
    <failure type="java.lang.AssertionError" message="expected [false] but found [true]">
      <![CDATA[java.lang.AssertionError: expected [false] but found [true]
at com.qa.myntra.TestClass.HomePageClass.ClickOnResetPasswordButton(HomePageClass.java:83)
... Removed 31 stack frames]]>
    </failure>
  </testcase> <!-- ClickOnResetPasswordButton -->
  <testcase name="ClickOnOrderNowButton" time="0.008" classname="com.qa.myntra.TestClass.HomePageClass">
    <skipped/>
  </testcase> <!-- ClickOnOrderNowButton -->
  <testcase name="ClickOnBuyNowButton" time="0.004" classname="com.qa.myntra.TestClass.HomePageClass"/>
  <testcase name="ClickOnEMIButtonButton" time="0.007" classname="com.qa.myntra.TestClass.HomePageClass">
    <skipped/>
  </testcase> <!-- ClickOnEMIButtonButton -->
  <testcase name="ClickOnSubmitButton" time="0.009" classname="com.qa.myntra.TestClass.HomePageClass"/>
</testsuite> <!-- Home Page test case -->
