<?xml version="1.0" encoding="UTF-8"?>
<!-- Generated by org.testng.reporters.JUnitXMLReporter -->
<testsuite hostname="Lenovo-10" ignored="0" name="CourseAtWayToAutomation Test" tests="2" failures="0" timestamp="03 Jan 2019 11:47:12 GMT" time="75.588" errors="0">
  <testcase name="MouseHoverToCourseMenuLink" time="4.25" classname="com.qa.myntra.TestClass.CourseAtWayToAutomationClass"/>
  <testcase name="ListOfCourseOffered" time="61.715" classname="com.qa.myntra.TestClass.CourseAtWayToAutomationClass"/>
</testsuite> <!-- CourseAtWayToAutomation Test -->
