<?xml version="1.0" encoding="UTF-8"?>
<!-- Generated by org.testng.reporters.JUnitXMLReporter -->
<testsuite hostname="Lenovo-10" ignored="0" name="CourseAtWayToAutomation Test" tests="2" failures="0" timestamp="04 Jan 2019 05:43:38 GMT" time="54.518" errors="0">
  <testcase name="MouseHoverToCourseMenuLink" time="0.333" classname="com.qa.myntra.TestClass.CourseAtWayToAutomationClass"/>
  <testcase name="ListOfCourseOffered" time="46.097" classname="com.qa.myntra.TestClass.CourseAtWayToAutomationClass"/>
</testsuite> <!-- CourseAtWayToAutomation Test -->
