<?xml version="1.0" encoding="UTF-8"?>
<testng-results skipped="0" failed="0" ignored="0" total="5" passed="5">
  <reporter-output>
  </reporter-output>
  <suite name="Parameterizing Suite" duration-ms="106" started-at="2019-01-03T11:45:56Z" finished-at="2019-01-03T11:45:56Z">
    <groups>
    </groups>
    <test name="Parameterizing test" duration-ms="106" started-at="2019-01-03T11:45:56Z" finished-at="2019-01-03T11:45:56Z">
      <class name="com.qa.PracticeExample.Parameterizing">
        <test-method status="PASS" signature="Login(java.lang.String, java.lang.String)[pri:0, instance:com.qa.PracticeExample.Parameterizing@3fb6a447]" name="Login" duration-ms="16" started-at="2019-01-03T11:45:56Z" finished-at="2019-01-03T11:45:56Z">
          <params>
            <param index="0">
              <value>
                <![CDATA[Dheeraj]]>
              </value>
            </param>
            <param index="1">
              <value>
                <![CDATA[Password1]]>
              </value>
            </param>
          </params>
          <reporter-output>
          </reporter-output>
        </test-method> <!-- Login -->
        <test-method status="PASS" signature="PaymentPage()[pri:0, instance:com.qa.PracticeExample.Parameterizing@3fb6a447]" name="PaymentPage" duration-ms="0" started-at="2019-01-03T11:45:56Z" depends-on-methods="com.qa.PracticeExample.Parameterizing.Login" finished-at="2019-01-03T11:45:56Z">
          <reporter-output>
          </reporter-output>
        </test-method> <!-- PaymentPage -->
        <test-method status="PASS" signature="ReceiverPage(java.lang.String, java.lang.String)[pri:0, instance:com.qa.PracticeExample.Parameterizing@3fb6a447]" name="ReceiverPage" duration-ms="0" started-at="2019-01-03T11:45:56Z" depends-on-methods="com.qa.PracticeExample.Parameterizing.PaymentPage" finished-at="2019-01-03T11:45:56Z">
          <params>
            <param index="0">
              <value>
                <![CDATA[Summit]]>
              </value>
            </param>
            <param index="1">
              <value>
                <![CDATA[Singh]]>
              </value>
            </param>
          </params>
          <reporter-output>
          </reporter-output>
        </test-method> <!-- ReceiverPage -->
      </class> <!-- com.qa.PracticeExample.Parameterizing -->
    </test> <!-- Parameterizing test -->
  </suite> <!-- Parameterizing Suite -->
  <suite name="CourseAtWayToAutomation Suite" duration-ms="75588" started-at="2019-01-03T11:45:57Z" finished-at="2019-01-03T11:47:12Z">
    <groups>
    </groups>
    <test name="CourseAtWayToAutomation Test" duration-ms="75588" started-at="2019-01-03T11:45:57Z" finished-at="2019-01-03T11:47:12Z">
      <class name="com.qa.myntra.TestClass.CourseAtWayToAutomationClass">
        <test-method status="PASS" signature="ExtentReportInit()[pri:0, instance:com.qa.myntra.TestClass.CourseAtWayToAutomationClass@2096442d]" name="ExtentReportInit" is-config="true" duration-ms="442" started-at="2019-01-03T11:45:56Z" finished-at="2019-01-03T11:45:57Z">
          <reporter-output>
          </reporter-output>
        </test-method> <!-- ExtentReportInit -->
        <test-method status="PASS" signature="OpeningBrowser()[pri:0, instance:com.qa.myntra.TestClass.CourseAtWayToAutomationClass@2096442d]" name="OpeningBrowser" is-config="true" duration-ms="9391" started-at="2019-01-03T11:45:57Z" finished-at="2019-01-03T11:46:06Z">
          <reporter-output>
          </reporter-output>
        </test-method> <!-- OpeningBrowser -->
        <test-method status="PASS" signature="MouseHoverToCourseMenuLink()[pri:0, instance:com.qa.myntra.TestClass.CourseAtWayToAutomationClass@2096442d]" name="MouseHoverToCourseMenuLink" duration-ms="4250" started-at="2019-01-03T11:46:06Z" finished-at="2019-01-03T11:46:11Z">
          <reporter-output>
          </reporter-output>
        </test-method> <!-- MouseHoverToCourseMenuLink -->
        <test-method status="PASS" signature="ListOfCourseOffered()[pri:1, instance:com.qa.myntra.TestClass.CourseAtWayToAutomationClass@2096442d]" name="ListOfCourseOffered" duration-ms="61715" started-at="2019-01-03T11:46:11Z" description="This is ListCourseMethod" depends-on-methods="com.qa.myntra.TestClass.CourseAtWayToAutomationClass.MouseHoverToCourseMenuLink" finished-at="2019-01-03T11:47:12Z">
          <reporter-output>
          </reporter-output>
        </test-method> <!-- ListOfCourseOffered -->
        <test-method status="PASS" signature="tearDownBrowser()[pri:0, instance:com.qa.myntra.TestClass.CourseAtWayToAutomationClass@2096442d]" name="tearDownBrowser" is-config="true" duration-ms="228" started-at="2019-01-03T11:47:12Z" finished-at="2019-01-03T11:47:12Z">
          <reporter-output>
          </reporter-output>
        </test-method> <!-- tearDownBrowser -->
        <test-method status="PASS" signature="ExtentReportFlush()[pri:0, instance:com.qa.myntra.TestClass.CourseAtWayToAutomationClass@2096442d]" name="ExtentReportFlush" is-config="true" duration-ms="6" started-at="2019-01-03T11:47:12Z" finished-at="2019-01-03T11:47:12Z">
          <reporter-output>
          </reporter-output>
        </test-method> <!-- ExtentReportFlush -->
      </class> <!-- com.qa.myntra.TestClass.CourseAtWayToAutomationClass -->
    </test> <!-- CourseAtWayToAutomation Test -->
  </suite> <!-- CourseAtWayToAutomation Suite -->
</testng-results>
