<?xml version="1.0" encoding="UTF-8"?>
<testng-results skipped="0" failed="0" ignored="0" total="2" passed="2">
  <reporter-output>
  </reporter-output>
  <suite name="Parameterizing Suite" duration-ms="131" started-at="2019-01-02T06:28:43Z" finished-at="2019-01-02T06:28:43Z">
    <groups>
    </groups>
    <test name="Parameterizing test" duration-ms="131" started-at="2019-01-02T06:28:43Z" finished-at="2019-01-02T06:28:43Z">
      <class name="com.qa.PracticeExample.Parameterizing">
        <test-method status="PASS" signature="Login(java.lang.String, java.lang.String)[pri:0, instance:com.qa.PracticeExample.Parameterizing@14acaea5]" name="Login" duration-ms="31" started-at="2019-01-02T06:28:43Z" finished-at="2019-01-02T06:28:43Z">
          <params>
            <param index="0">
              <value>
                <![CDATA[Dheeraj]]>
              </value>
            </param>
            <param index="1">
              <value>
                <![CDATA[Password1]]>
              </value>
            </param>
          </params>
          <reporter-output>
          </reporter-output>
        </test-method> <!-- Login -->
        <test-method status="PASS" signature="PaymentPage()[pri:0, instance:com.qa.PracticeExample.Parameterizing@14acaea5]" name="PaymentPage" duration-ms="0" started-at="2019-01-02T06:28:43Z" depends-on-methods="com.qa.PracticeExample.Parameterizing.Login" finished-at="2019-01-02T06:28:43Z">
          <reporter-output>
          </reporter-output>
        </test-method> <!-- PaymentPage -->
      </class> <!-- com.qa.PracticeExample.Parameterizing -->
    </test> <!-- Parameterizing test -->
  </suite> <!-- Parameterizing Suite -->
</testng-results>
