<?xml version="1.0" encoding="UTF-8"?>
<!-- Generated by org.testng.reporters.JUnitXMLReporter -->
<testsuite hostname="Lenovo-10" ignored="0" name="CourseAtWayToAutomation Test" tests="2" failures="0" timestamp="03 Jan 2019 11:43:21 GMT" time="42.779" errors="0">
  <testcase name="MouseHoverToCourseMenuLink" time="4.308" classname="com.qa.myntra.TestClass.CourseAtWayToAutomationClass"/>
  <testcase name="ListOfCourseOffered" time="27.308" classname="com.qa.myntra.TestClass.CourseAtWayToAutomationClass"/>
</testsuite> <!-- CourseAtWayToAutomation Test -->
