<?xml version="1.0" encoding="UTF-8"?>
<!-- Generated by org.testng.reporters.JUnitXMLReporter -->
<testsuite hostname="Lenovo-10" ignored="0" name="Parameterizing test" tests="3" failures="0" timestamp="07 Jan 2019 07:12:15 GMT" time="0.131" errors="0">
  <testcase name="Login" time="0.026" classname="com.qa.PracticeExample.Parameterizing"/>
  <testcase name="PaymentPage" time="0.001" classname="com.qa.PracticeExample.Parameterizing"/>
  <testcase name="ReceiverPage" time="0.003" classname="com.qa.PracticeExample.Parameterizing"/>
</testsuite> <!-- Parameterizing test -->
