<?xml version="1.0" encoding="UTF-8"?>
<!-- Generated by org.testng.reporters.JUnitXMLReporter -->
<testsuite hostname="Lenovo-10" ignored="0" name="Parameterizing test" tests="3" failures="0" timestamp="03 Jan 2019 11:45:56 GMT" time="0.106" errors="0">
  <testcase name="Login" time="0.016" classname="com.qa.PracticeExample.Parameterizing"/>
  <testcase name="PaymentPage" time="0.0" classname="com.qa.PracticeExample.Parameterizing"/>
  <testcase name="ReceiverPage" time="0.0" classname="com.qa.PracticeExample.Parameterizing"/>
</testsuite> <!-- Parameterizing test -->
